#
# A fatal error has been detected by the Java Runtime Environment:
#
#  EXCEPTION_ACCESS_VIOLATION (0xc0000005) at pc=0x00007ff8a87b3004, pid=38452, tid=65216
#
# JRE version: OpenJDK Runtime Environment (24.0+36) (build 24+36-3646)
# Java VM: OpenJDK 64-Bit Server VM (24+36-3646, mixed mode, emulated-client, sharing, tiered, compressed oops, compressed class ptrs, g1 gc, windows-amd64)
# Problematic frame:
# C  [libasyncProfiler.dll+0x93004]
#
# No core dump will be written. Minidumps are not enabled by default on client versions of Windows
#
# JFR recording file will be written. Location: C:\Users\mouss\JavaProject\exosaver\hs_err_pid38452.jfr
#
# If you would like to submit a bug report, please visit:
#   https://bugreport.java.com/bugreport/crash.jsp
# The crash happened outside the Java Virtual Machine in native code.
# See problematic frame for where to report the bug.
#

---------------  S U M M A R Y ------------

Command Line: -XX:TieredStopAtLevel=1 -Dspring.output.ansi.enabled=always -Dcom.sun.management.jmxremote -Dspring.jmx.enabled=true -Dspring.liveBeansView.mbeanDomain -Dspring.application.admin.enabled=true -Dmanagement.endpoints.jmx.exposure.include=* -javaagent:C:\Program Files\JetBrains\IntelliJ IDEA 2024.3.5\lib\idea_rt.jar=61632 -Dfile.encoding=UTF-8 -Dsun.stdout.encoding=UTF-8 -Dsun.stderr.encoding=UTF-8 com.ddmspringapp.exosaver.ExosaverApplication

Host: 12th Gen Intel(R) Core(TM) i5-12450HX, 12 cores, 23G,  Windows 11 , 64 bit Build 26100 (10.0.26100.3775)
Time: Sun May 11 17:12:30 2025 Paris, Madrid (heure duild 26100 (10.0.26100.3775) elapsed time: 243.792244 seconds (0d 0h 4m 3s)

---------------  T H R E A D  ---------------

Current thread (0x000001a87ffc95c0):  JavaThread "Attach Listener" daemon [_thread_in_native, id=65216, stack(0x0000005d6bd00000,0x0000005d6be00000) (1024K)]

Stack: [0x0000005d6bd00000,0x0000005d6be00000],  sp=0x0000005d6bdfef10,  free space=1019k
Native frames: (J=compiled Java code, j=interpreted, Vv=VM code, C=native code)
C  [libasyncProfiler.dll+0x93004]  (no source info available)
C  [libasyncProfiler.dll+0x934db]  (no source info available)
C  [libasyncProfiler.dll+0x92134]  (no source info available)
C  [libasyncProfiler.dll+0x929aa]  (no source info available)
C  [libasyncProfiler.dll+0x8d561]  (no source info available)
C  [libasyncProfiler.dll+0x7ef21]  (no source info available)
C  [libasyncProfiler.dll+0x7dc38]  (no source info available)
C  [libasyncProfiler.dll+0x7db20]  (no source info available)
C  [libasyncProfiler.dll+0x84af9]  (no source info available)
V  [jvm.dll+0x57f1b7]  (no source info available)
V  [jvm.dll+0x57ff2c]  (no source info available)
V  [jvm.dll+0x14c9b7]  (no source info available)
V  [jvm.dll+0x14df81]  (no source info available)
V  [jvm.dll+0x42f566]  (no source info available)
V  [jvm.dll+0x87d8fb]  (no source info available)
V  [jvm.dll+0x72efe5]  (no source info available)
C  [ucrtbase.dll+0x37b0]  (no source info available)
C  [KERNEL32.DLL+0x2e8d7]  (no source info available)
C  [ntdll.dll+0xb14fc]  (no source info available)


siginfo: EXCEPTION_ACCESS_VIOLATION (0xc0000005), reading address 0xffffffffffffffff


Registers:
RAX=0x0000000000000010, RBX=0x0000000000000000, RCX=0xffffffffffffffff, RDX=0x007ff8a6c22ff010
RSP=0x0000005d6bdfef10, RBP=0x000001a80850a8f8, RSI=0x0000005d6bdff080, RDI=0x000001a80850a8f8
R8 =0x0000000000000042, R9 =0x0000000684c00000, R10=0x00007ff8a6e99fc0, R11=0x0000000000000020
R12=0x0000005d6bdff080, R13=0x000001a84fc132b0, R14=0x000001a87ffc9988, R15=0x000001a87ffc9988
RIP=0x00007ff8a87b3004, EFLAGS=0x0000000000010202

XMM[0]=0x0000000000000000 0x0000000000000000
XMM[1]=0x0000000000000000 0x0000000000000000
XMM[2]=0x0000000000000000 0x0000000000000000
XMM[3]=0x0000000000000000 0x0000000000000000
XMM[4]=0x0000000000000000 0x0000000000000000
XMM[5]=0x0000000000000000 0x0000000000000000
XMM[6]=0x0000000000000000 0x0000000000000000
XMM[7]=0x0000000000000000 0x0000000000000000
XMM[8]=0x0000000000000000 0x0000000000000000
XMM[9]=0x0000000000000000 0x0000000000000000
XMM[10]=0x0000000000000000 0x0000000000000000
XMM[11]=0x0000000000000000 0x0000000000000000
XMM[12]=0x0000000000000000 0x0000000000000000
XMM[13]=0x0000000000000000 0x0000000000000000
XMM[14]=0x0000000000000000 0x0000000000000000
XMM[15]=0x0000000000000000 0x0000000000000000
  MXCSR=0x00001fa0


Register to memory mapping:

RAX=0x0000000000000010 is an unknown value
RBX=0x0 is null
RCX=0xffffffffffffffff is an unknown value
RDX=0x007ff8a6c22ff010 is an unknown value
RSP=0x0000005d6bdfef10 is pointing into the stack for thread: 0x000001a87ffc95c0
RBP=0x000001a80850a8f8 points into unknown readable memory: 0x0000000684c00000 | 00 00 c0 84 06 00 00 00
RSI=0x0000005d6bdff080 is pointing into the stack for thread: 0x000001a87ffc95c0
RDI=0x000001a80850a8f8 points into unknown readable memory: 0x0000000684c00000 | 00 00 c0 84 06 00 00 00
R8 =0x0000000000000042 is an unknown value
R9 =0x0000000684c00000 is an oop: java.lang.ref.Reference$ReferenceHandler 
{0x0000000684c00000} - klass: 'java/lang/ref/Reference$ReferenceHandler' - flags: 

 - ---- fields (total size 14 words):
 - 'threadLocalRandomProbe' 'I' @12  0 (0x00000000)
 - private volatile 'eetop' 'J' @16  1823213362256 (0x000001a87ffc1c50)
 - private final 'tid' 'J' @24  14 (0x000000000000000e)
 - 'threadLocalRandomSeed' 'J' @32  0 (0x0000000000000000)
 - injected 'jvmti_thread_state' 'J' @40  1822401822560 (0x000001a84f9cff60)
 - 'threadLocalRandomSecondarySeed' 'I' @48  0 (0x00000000)
 - injected 'jvmti_VTMS_transition_disable_count' 'I' @52  0 (0x00000000)
 - injected 'jfr_epoch' 'S' @56  0 (0x0000)
 - volatile 'interrupted' 'Z' @58  false (0x00)
 - injected 'jvmti_is_in_VTMS_transition' 'Z' @59  false (0x00)
 - private volatile 'name' 'Ljava/lang/String;' @60  "Reference Handler"{0x0000000684d06110} (0xd09a0c22)
 - private volatile 'contextClassLoader' 'Ljava/lang/ClassLoader;' @64  null (0x00000000)
 - private final 'holder' 'Ljava/lang/Thread$FieldHolder;' @68  a 'java/lang/Thread$FieldHolder'{0x00000006855250f0} (0xd0aa4a1e)
 - 'threadLocals' 'Ljava/lang/ThreadLocal$ThreadLocalMap;' @72  null (0x00000000)
 - 'inheritableThreadLocals' 'Ljava/lang/ThreadLocal$ThreadLocalMap;' @76  null (0x00000000)
 - private 'scopedValueBindings' 'Ljava/lang/Object;' @80  a 'java/lang/Class'{0x0000000684c01a50} = 'java/lang/Thread' (0xd098034a)
 - final 'interruptLock' 'Ljava/lang/Object;' @84  a 'java/lang/Object'{0x00000006855250e0} (0xd0aa4a1c)
 - private volatile 'parkBlocker' 'Ljava/lang/Object;' @88  null (0x00000000)
 - private 'nioBlocker' 'Lsun/nio/ch/Interruptible;' @92  null (0x00000000)
 - private 'cont' 'Ljdk/internal/vm/Continuation;' @96  null (0x00000000)
 - private volatile 'uncaughtExceptionHandler' 'Ljava/lang/Thread$UncaughtExceptionHandler;' @100  null (0x00000000)
 - private 'container' 'Ljdk/internal/vm/ThreadContainer;' @104  null (0x00000000)
 - private volatile 'headStackableScopes' 'Ljdk/internal/vm/StackableScope;' @108  null (0x00000000)
R10=0x00007ff8a6e99fc0 jvm.dll
R11=0x0000000000000020 is an unknown value
R12=0x0000005d6bdff080 is pointing into the stack for thread: 0x000001a87ffc95c0
R13=0x000001a84fc132b0 points into unknown readable memory: 0x00007ff8a6e0a510 | 10 a5 e0 a6 f8 7f 00 00
R14=0x000001a87ffc9988 points into unknown readable memory: 0x00007ff8a6e017b0 | b0 17 e0 a6 f8 7f 00 00
R15=0x000001a87ffc9988 points into unknown readable memory: 0x00007ff8a6e017b0 | b0 17 e0 a6 f8 7f 00 00

Top of Stack: (sp=0x0000005d6bdfef10)
0x0000005d6bdfef10:   0000005d6bdff080 000001a80850a8f8   ...k].....P.....
0x0000005d6bdfef20:   0000000000000000 000001a87ffc9d10   ................
0x0000005d6bdfef30:   0000000000000039 00007ff8a87b34db   9........4{.....
0x0000005d6bdfef40:   0000000000000000 000001a87ffc9988   ................
0x0000005d6bdfef50:   0000005d6bdff001 0000000000000000   ...k]...........
0x0000005d6bdfef60:   000001a84fd09e30 00007ff8a87b2134   0..O....4!{.....
0x0000005d6bdfef70:   0000000000000000 0000000000000039   ........9.......
0x0000005d6bdfef80:   0000000000000000 0000000000000039   ........9.......
0x0000005d6bdfef90:   00000020088eaa98 000001a84fd0a160   .... ...`..O....
0x0000005d6bdfefa0:   000001a84fd09e30 000001a84fd09f14   0..O.......O....
0x0000005d6bdfefb0:   000001a84fd09f2c 000000000000e0c8   ,..O............
0x0000005d6bdfefc0:   0000000000000000 0000000000000000   ................
0x0000005d6bdfefd0:   0000000000000000 00007ff8a66658e4   .........Xf.....
0x0000005d6bdfefe0:   00007ff8a890ae00 0000000000009634   ........4.......
0x0000005d6bdfeff0:   00007ff8a890ae00 00000000ffffffff   ................
0x0000005d6bdff000:   0000000000000000 00007ff8a87b29aa   .........){.....
0x0000005d6bdff010:   000001a87ffc9988 0000000000000000   ................
0x0000005d6bdff020:   0000005d6bdff089 000001a84fc132b0   ...k]....2.O....
0x0000005d6bdff030:   0000000000000004 0000000000000048   ........H.......
0x0000005d6bdff040:   0000000800800310 0000000000000020   ........ .......
0x0000005d6bdff050:   000001a87ffc9988 00007ff8a890ae00   ................
0x0000005d6bdff060:   000001a87ffcb550 000001a84f9cff60   P.......`..O....
0x0000005d6bdff070:   0000000800800390 000001a87ffc9988   ................
0x0000005d6bdff080:   000001a8519c44d0 000001a8519c4bf0   .D.Q.....K.Q....
0x0000005d6bdff090:   000001a8519c4bf0 00007ff8a890ae00   .K.Q............
0x0000005d6bdff0a0:   000001a8088eaa98 0000005d6bdff218   ...........k]...
0x0000005d6bdff0b0:   0000005d6bdff350 0000000000008840   P..k]...@.......
0x0000005d6bdff0c0:   0000005d6bdff530 00007ff8a890ae50   0..k]...P.......
0x0000005d6bdff0d0:   0000000000989680 0000000000989680   ................
0x0000005d6bdff0e0:   0000005d6bdff1f0 00007ff8a87ad561   ...k]...a.z.....
0x0000005d6bdff0f0:   00007ff8a890ae00 00007ff8a890ae58   ........X.......
0x0000005d6bdff100:   00007ff800000000 00007ff800000001   ................

Instructions: (pc=0x00007ff8a87b3004)
  0x00007ff8a87b2f04:   cc cc cc cc cc cc cc cc cc cc cc cc cc cc cc cc
  0x00007ff8a87b2f14:   cc cc cc cc cc cc cc cc cc cc cc cc cc cc cc cc
  0x00007ff8a87b2f24:   cc cc cc cc cc cc cc cc cc cc cc cc cc cc cc cc
  0x00007ff8a87b2f34:   cc cc cc cc cc cc cc cc cc cc cc cc cc cc cc cc
  0x00007ff8a87b2f44:   cc cc cc cc cc cc cc cc cc cc cc cc cc cc cc cc
  0x00007ff8a87b2f54:   cc cc cc cc cc cc cc cc cc cc cc cc cc cc cc cc
  0x00007ff8a87b2f64:   cc cc cc cc cc cc cc cc cc cc cc cc cc cc cc cc
  0x00007ff8a87b2f74:   cc cc cc cc cc cc cc cc cc cc cc cc cc cc cc cc
  0x00007ff8a87b2f84:   cc cc cc cc cc cc cc cc cc cc cc cc 40 57 48 83
  0x00007ff8a87b2f94:   ec 20 48 8b f9 48 8b 0d 30 80 15 00 48 85 c9 74
  0x00007ff8a87b2fa4:   20 48 8b 01 48 8d 54 24 38 41 b8 06 00 01 00 4c
  0x00007ff8a87b2fb4:   8b 48 30 41 ff d1 85 c0 75 07 48 8b 4c 24 38 eb
  0x00007ff8a87b2fc4:   02 33 c9 4c 8b 05 0a 81 15 00 48 89 5c 24 30 4d
  0x00007ff8a87b2fd4:   85 c0 74 4a 48 8b 01 48 8b d7 4c 8b 88 28 03 00
  0x00007ff8a87b2fe4:   00 41 ff d1 48 85 c0 74 35 48 63 0d b8 3d 15 00
  0x00007ff8a87b2ff4:   48 8b 14 01 48 85 d2 74 15 48 63 05 bc 3d 15 00
=>0x00007ff8a87b3004:   8b 04 10 48 8b 5c 24 30 48 83 c4 20 5f c3 b8 ff
  0x00007ff8a87b3014:   ff ff ff 48 8b 5c 24 30 48 83 c4 20 5f c3 80 3d
  0x00007ff8a87b3024:   bb 7f 15 00 00 bb ff ff ff ff 74 20 4c 8b 0d 51
  0x00007ff8a87b3034:   7c 15 00 4c 8d 44 24 38 48 8b 0d 35 7c 15 00 48
  0x00007ff8a87b3044:   8b d7 41 ff d1 85 c0 0f 44 5c 24 38 8b c3 48 8b
  0x00007ff8a87b3054:   5c 24 30 48 83 c4 20 5f c3 cc cc cc cc cc cc cc
  0x00007ff8a87b3064:   cc cc cc cc cc cc cc cc cc cc cc cc cc cc cc cc
  0x00007ff8a87b3074:   cc cc cc cc cc cc cc cc cc cc cc cc cc cc cc cc
  0x00007ff8a87b3084:   cc cc cc cc cc cc cc cc cc cc cc cc 48 89 54 24
  0x00007ff8a87b3094:   10 53 55 56 57 41 56 41 57 48 83 ec 28 48 8b f2
  0x00007ff8a87b30a4:   4c 8b f1 48 89 4c 24 78 45 33 ff 44 89 7c 24 68
  0x00007ff8a87b30b4:   c7 44 24 60 01 00 00 00 48 8d 4c 24 68 e8 69 3c
  0x00007ff8a87b30c4:   f7 ff 8b d8 48 8d 4c 24 60 e8 5d 3c f7 ff 8b e8
  0x00007ff8a87b30d4:   49 8b ce e8 33 f3 f6 ff 48 8b f8 90 8b c3 f0 0f
  0x00007ff8a87b30e4:   b1 2f 74 04 f3 90 eb f4 4c 89 3e 4c 89 7e 08 4c
  0x00007ff8a87b30f4:   89 7e 10 49 8b 6e 08 4d 8b 76 10 49 3b ee 0f 84


Stack slot to memory mapping:

stack at sp + 0 slots: 0x0000005d6bdff080 is pointing into the stack for thread: 0x000001a87ffc95c0
stack at sp + 1 slots: 0x000001a80850a8f8 points into unknown readable memory: 0x0000000684c00000 | 00 00 c0 84 06 00 00 00
stack at sp + 2 slots: 0x0 is null
stack at sp + 3 slots: 0x000001a87ffc9d10 points into unknown readable memory: 0x6e616c2e6176616a | 6a 61 76 61 2e 6c 61 6e
stack at sp + 4 slots: 0x0000000000000039 is an unknown value
stack at sp + 5 slots: 0x00007ff8a87b34db libasyncProfiler.dll
stack at sp + 6 slots: 0x0 is null
stack at sp + 7 slots: 0x000001a87ffc9988 points into unknown readable memory: 0x00007ff8a6e017b0 | b0 17 e0 a6 f8 7f 00 00

Lock stack of current Java thread (top to bottom):


---------------  P R O C E S S  ---------------

Threads class SMR info:
_java_thread_list=0x000001a84fcec170, length=37, elements={
0x000001a87ffc1c50, 0x000001a87ffc2390, 0x000001a87ffc5f30, 0x000001a87ffc95c0,
0x000001a87ffcf560, 0x000001a87ffcfcb0, 0x000001a87ffe3820, 0x000001a87ffcee10,
0x000001a87ffcd820, 0x000001a87ffcdf70, 0x000001a87ffcd0d0, 0x000001a87ffd0400,
0x000001a87ffce6c0, 0x000001a808e51eb0, 0x000001a808e51760, 0x000001a808e53bf0,
0x000001a808e567d0, 0x000001a808e58510, 0x000001a808e551e0, 0x000001a808e57670,
0x000001a808e57dc0, 0x000001a808e55930, 0x000001a808e56080, 0x000001a84fbe5c30,
0x000001a84fbe4d90, 0x000001a84fbe54e0, 0x000001a84fbe37a0, 0x000001a84fbe6ad0,
0x000001a84fbe6380, 0x000001a84fbe7220, 0x000001a84fbe3ef0, 0x000001a84fbe7970,
0x000001a84fbe4640, 0x000001a84fbe96b0, 0x000001a851998550, 0x000001a851998ce0,
0x000001a84fbeaca0
}

Java Threads: ( => current thread )
  0x000001a87ffc1c50 JavaThread "Reference Handler"          daemon [_thread_blocked, id=67096, stack(0x0000005d6ba00000,0x0000005d6bb00000) (1024K)]
  0x000001a87ffc2390 JavaThread "Finalizer"                  daemon [_thread_blocked, id=64152, stack(0x0000005d6bb00000,0x0000005d6bc00000) (1024K)]
  0x000001a87ffc5f30 JavaThread "Signal Dispatcher"          daemon [_thread_blocked, id=59368, stack(0x0000005d6bc00000,0x0000005d6bd00000) (1024K)]
=>0x000001a87ffc95c0 JavaThread "Attach Listener"            daemon [_thread_in_native, id=65216, stack(0x0000005d6bd00000,0x0000005d6be00000) (1024K)]
  0x000001a87ffcf560 JavaThread "Service Thread"             daemon [_thread_blocked, id=53728, stack(0x0000005d6be00000,0x0000005d6bf00000) (1024K)]
  0x000001a87ffcfcb0 JavaThread "Monitor Deflation Thread"   daemon [_thread_blocked, id=64876, stack(0x0000005d6bf00000,0x0000005d6c000000) (1024K)]
  0x000001a87ffe3820 JavaThread "C1 CompilerThread0"         daemon [_thread_blocked, id=54416, stack(0x0000005d6c000000,0x0000005d6c100000) (1024K)]
  0x000001a87ffcee10 JavaThread "Common-Cleaner"             daemon [_thread_blocked, id=64932, stack(0x0000005d6c100000,0x0000005d6c200000) (1024K)]
  0x000001a87ffcd820 JavaThread "Monitor Ctrl-Break"         daemon [_thread_in_native, id=61892, stack(0x0000005d6c400000,0x0000005d6c500000) (1024K)]
  0x000001a87ffcdf70 JavaThread "Notification Thread"        daemon [_thread_blocked, id=50416, stack(0x0000005d6c500000,0x0000005d6c600000) (1024K)]
  0x000001a87ffcd0d0 JavaThread "RMI TCP Accept-0"           daemon [_thread_in_native, id=62416, stack(0x0000005d6c700000,0x0000005d6c800000) (1024K)]
  0x000001a87ffd0400 JavaThread "RMI TCP Connection(1)-192.168.1.31" daemon [_thread_in_native, id=66692, stack(0x0000005d6c800000,0x0000005d6c900000) (1024K)]
  0x000001a87ffce6c0 JavaThread "RMI Scheduler(0)"           daemon [_thread_blocked, id=54832, stack(0x0000005d6c900000,0x0000005d6ca00000) (1024K)]
  0x000001a808e51eb0 JavaThread "JMX server connection timeout 31" daemon [_thread_blocked, id=64556, stack(0x0000005d6ca00000,0x0000005d6cb00000) (1024K)]
  0x000001a808e51760 JavaThread "Catalina-utility-1"                [_thread_blocked, id=19808, stack(0x0000005d6d300000,0x0000005d6d400000) (1024K)]
  0x000001a808e53bf0 JavaThread "Catalina-utility-2"                [_thread_blocked, id=64212, stack(0x0000005d6d400000,0x0000005d6d500000) (1024K)]
  0x000001a808e567d0 JavaThread "container-0"                       [_thread_blocked, id=59860, stack(0x0000005d6d800000,0x0000005d6d900000) (1024K)]
  0x000001a808e58510 JavaThread "PostgreSQL-JDBC-Cleaner"    daemon [_thread_blocked, id=49016, stack(0x0000005d6da00000,0x0000005d6db00000) (1024K)]
  0x000001a808e551e0 JavaThread "HikariPool-1 housekeeper"   daemon [_thread_blocked, id=56324, stack(0x0000005d6db00000,0x0000005d6dc00000) (1024K)]
  0x000001a808e57670 JavaThread "http-nio-8080-exec-1"       daemon [_thread_blocked, id=61352, stack(0x0000005d6dd00000,0x0000005d6de00000) (1024K)]
  0x000001a808e57dc0 JavaThread "http-nio-8080-exec-2"       daemon [_thread_blocked, id=62400, stack(0x0000005d6de00000,0x0000005d6df00000) (1024K)]
  0x000001a808e55930 JavaThread "http-nio-8080-exec-3"       daemon [_thread_blocked, id=38736, stack(0x0000005d6df00000,0x0000005d6e000000) (1024K)]
  0x000001a808e56080 JavaThread "http-nio-8080-exec-4"       daemon [_thread_blocked, id=58412, stack(0x0000005d6e000000,0x0000005d6e100000) (1024K)]
  0x000001a84fbe5c30 JavaThread "http-nio-8080-exec-5"       daemon [_thread_blocked, id=67476, stack(0x0000005d6e100000,0x0000005d6e200000) (1024K)]
  0x000001a84fbe4d90 JavaThread "http-nio-8080-exec-6"       daemon [_thread_blocked, id=66840, stack(0x0000005d6e200000,0x0000005d6e300000) (1024K)]
  0x000001a84fbe54e0 JavaThread "http-nio-8080-exec-7"       daemon [_thread_blocked, id=31200, stack(0x0000005d6e300000,0x0000005d6e400000) (1024K)]
  0x000001a84fbe37a0 JavaThread "http-nio-8080-exec-8"       daemon [_thread_blocked, id=64748, stack(0x0000005d6e400000,0x0000005d6e500000) (1024K)]
  0x000001a84fbe6ad0 JavaThread "http-nio-8080-exec-9"       daemon [_thread_blocked, id=51180, stack(0x0000005d6e500000,0x0000005d6e600000) (1024K)]
  0x000001a84fbe6380 JavaThread "http-nio-8080-exec-10"      daemon [_thread_blocked, id=51252, stack(0x0000005d6e600000,0x0000005d6e700000) (1024K)]
  0x000001a84fbe7220 JavaThread "http-nio-8080-Poller"       daemon [_thread_in_native, id=17428, stack(0x0000005d6e700000,0x0000005d6e800000) (1024K)]
  0x000001a84fbe3ef0 JavaThread "http-nio-8080-Acceptor"     daemon [_thread_in_native, id=61020, stack(0x0000005d6e800000,0x0000005d6e900000) (1024K)]
  0x000001a84fbe7970 JavaThread "DestroyJavaVM"                     [_thread_blocked, id=64732, stack(0x0000005d6b200000,0x0000005d6b300000) (1024K)]
  0x000001a84fbe4640 JavaThread "RMI TCP Connection(idle)"   daemon [_thread_blocked, id=59656, stack(0x0000005d6af00000,0x0000005d6b000000) (1024K)]
  0x000001a84fbe96b0 JavaThread "JFR Recorder Thread"        daemon [_thread_in_native, id=59184, stack(0x0000005d6b000000,0x0000005d6b100000) (1024K)]
  0x000001a851998550 JavaThread "C1 CompilerThread1"         daemon [_thread_blocked, id=63548, stack(0x0000005d6b100000,0x0000005d6b200000) (1024K)]
  0x000001a851998ce0 JavaThread "C1 CompilerThread2"         daemon [_thread_blocked, id=61032, stack(0x0000005d6c200000,0x0000005d6c300000) (1024K)]
  0x000001a84fbeaca0 JavaThread "JFR Periodic Tasks"         daemon [_thread_blocked, id=57544, stack(0x0000005d6c300000,0x0000005d6c400000) (1024K)]
Total: 37

Other Threads:
  0x000001a87ffb1180 VMThread "VM Thread"                           [id=65940, stack(0x0000005d6b900000,0x0000005d6ba00000) (1024K)]
  0x000001a87fe7d410 WatcherThread "VM Periodic Task Thread"        [id=66080, stack(0x0000005d6b800000,0x0000005d6b900000) (1024K)]
  0x000001a87220ec90 WorkerThread "GC Thread#0"                     [id=59356, stack(0x0000005d6b300000,0x0000005d6b400000) (1024K)]
  0x000001a84e69c180 WorkerThread "GC Thread#1"                     [id=66460, stack(0x0000005d6cb00000,0x0000005d6cc00000) (1024K)]
  0x000001a84e69af10 WorkerThread "GC Thread#2"                     [id=63544, stack(0x0000005d6cc00000,0x0000005d6cd00000) (1024K)]
  0x000001a84e69ab60 WorkerThread "GC Thread#3"                     [id=67580, stack(0x0000005d6cd00000,0x0000005d6ce00000) (1024K)]
  0x000001a84e69bdd0 WorkerThread "GC Thread#4"                     [id=65444, stack(0x0000005d6ce00000,0x0000005d6cf00000) (1024K)]
  0x000001a84e69b670 WorkerThread "GC Thread#5"                     [id=64940, stack(0x0000005d6cf00000,0x0000005d6d000000) (1024K)]
  0x000001a84e69ba20 WorkerThread "GC Thread#6"                     [id=56848, stack(0x0000005d6d000000,0x0000005d6d100000) (1024K)]
  0x000001a84e69b2c0 WorkerThread "GC Thread#7"                     [id=45664, stack(0x0000005d6d100000,0x0000005d6d200000) (1024K)]
  0x000001a84e69c530 WorkerThread "GC Thread#8"                     [id=65860, stack(0x0000005d6d200000,0x0000005d6d300000) (1024K)]
  0x000001a84e6dfd80 WorkerThread "GC Thread#9"                     [id=54584, stack(0x0000005d6d500000,0x0000005d6d600000) (1024K)]
  0x000001a87221f130 ConcurrentGCThread "G1 Main Marker"            [id=58208, stack(0x0000005d6b400000,0x0000005d6b500000) (1024K)]
  0x000001a872220a40 WorkerThread "G1 Conc#0"                       [id=49084, stack(0x0000005d6b500000,0x0000005d6b600000) (1024K)]
  0x000001a84e6e3120 WorkerThread "G1 Conc#1"                       [id=66472, stack(0x0000005d6d600000,0x0000005d6d700000) (1024K)]
  0x000001a84e6e1eb0 WorkerThread "G1 Conc#2"                       [id=67036, stack(0x0000005d6d700000,0x0000005d6d800000) (1024K)]
  0x000001a87fe72ad0 ConcurrentGCThread "G1 Refine#0"               [id=66128, stack(0x0000005d6b600000,0x0000005d6b700000) (1024K)]
  0x000001a87fe73560 ConcurrentGCThread "G1 Service"                [id=62812, stack(0x0000005d6b700000,0x0000005d6b800000) (1024K)]
Total: 18

Threads with active compile tasks:
Total: 0

VM state: not at safepoint (normal execution)

VM Mutex/Monitor currently owned by a thread: None

Heap address: 0x0000000684800000, size: 6072 MB, Compressed Oops mode: Zero based, Oop shift amount: 3

CDS archive(s) mapped at: [0x000001a809000000-0x000001a809d40000-0x000001a809d40000), size 13893632, SharedBaseAddress: 0x000001a809000000, ArchiveRelocationMode: 1.
Compressed class space mapped at: 0x000001a80a000000-0x000001a84a000000, reserved size: 1073741824
UseCompressedClassPointers 1, UseCompactObjectHeaders 0
Narrow klass pointer bits 32, Max shift 3
Narrow klass base: 0x000001a809000000, Narrow klass shift: 0
Encoding Range: [0x000001a809000000 - 0x000001a909000000), (4294967296 bytes)
Klass Range:    [0x000001a809000000 - 0x000001a84a000000), (1090519040 bytes)
Klass ID Range:  [8 - 1090519033) (1090519025)

GC Precious Log:
 CardTable entry size: 512
 Card Set container configuration: InlinePtr #cards 4 size 8 Array Of Cards #cards 32 size 80 Howl #buckets 8 coarsen threshold 7372 Howl Bitmap #cards 1024 size 144 coarsen threshold 921 Card regions per heap region 1 cards per card region 8192
 CPUs: 12 total, 12 available
 Memory: 24283M
 Large Page Support: Disabled
 NUMA Support: Disabled
 Compressed Oops: Enabled (Zero based)
 Heap Region Size: 4M
 Heap Min Capacity: 8M
 Heap Initial Capacity: 380M
 Heap Max Capacity: 6072M
 Pre-touch: Disabled
 Parallel Workers: 10
 Concurrent Workers: 3
 Concurrent Refinement Workers: 10
 Periodic GC: Disabled

Heap:
 garbage-first heap   total reserved 6217728K, committed 81920K, used 34647K [0x0000000684800000, 0x0000000800000000)
  region size 4096K, 4 young (16384K), 2 survivors (8192K)
 Metaspace       used 66402K, committed 67008K, reserved 1114112K
  class space    used 7549K, committed 7808K, reserved 1048576K

Heap Regions: E=young(eden), S=young(survivor), O=old, HS=humongous(starts), HC=humongous(continues), CS=collection set, F=free, TAMS=top-at-mark-start, PB=parsable bottom
|   0|0x0000000684800000, 0x0000000684c00000, 0x0000000684c00000|100%| O|  |TAMS 0x0000000684800000| PB 0x0000000684800000| Untracked |  0
|   1|0x0000000684c00000, 0x0000000685000000, 0x0000000685000000|100%| O|  |TAMS 0x0000000684c00000| PB 0x0000000684c00000| Untracked |  0
|   2|0x0000000685000000, 0x0000000685400000, 0x0000000685400000|100%| O|  |TAMS 0x0000000685000000| PB 0x0000000685000000| Untracked |  0
|   3|0x0000000685400000, 0x0000000685800000, 0x0000000685800000|100%| O|  |TAMS 0x0000000685400000| PB 0x0000000685400000| Untracked |  0
|   4|0x0000000685800000, 0x0000000685bcda28, 0x0000000685c00000| 95%| O|Cm|TAMS 0x0000000685800000| PB 0x0000000685800000| Complete |  0
|   5|0x0000000685c00000, 0x0000000686000000, 0x0000000686000000|100%| O|  |TAMS 0x0000000685c00000| PB 0x0000000685c00000| Untracked |  0
|   6|0x0000000686000000, 0x00000006860d8fc0, 0x0000000686400000| 21%| O|  |TAMS 0x0000000686000000| PB 0x0000000686000000| Untracked |  0
|   7|0x0000000686400000, 0x000000068652f5c0, 0x0000000686800000| 29%| S|CS|TAMS 0x0000000686400000| PB 0x0000000686400000| Complete |  0
|   8|0x0000000686800000, 0x0000000686c00000, 0x0000000686c00000|100%| S|CS|TAMS 0x0000000686800000| PB 0x0000000686800000| Complete |  0
|   9|0x0000000686c00000, 0x0000000686c00000, 0x0000000687000000|  0%| F|  |TAMS 0x0000000686c00000| PB 0x0000000686c00000| Untracked |  0
|  10|0x0000000687000000, 0x0000000687000000, 0x0000000687400000|  0%| F|  |TAMS 0x0000000687000000| PB 0x0000000687000000| Untracked |  0
|  11|0x0000000687400000, 0x0000000687400000, 0x0000000687800000|  0%| F|  |TAMS 0x0000000687400000| PB 0x0000000687400000| Untracked |  0
|  12|0x0000000687800000, 0x0000000687800000, 0x0000000687c00000|  0%| F|  |TAMS 0x0000000687800000| PB 0x0000000687800000| Untracked |  0
|  13|0x0000000687c00000, 0x0000000687c00000, 0x0000000688000000|  0%| F|  |TAMS 0x0000000687c00000| PB 0x0000000687c00000| Untracked |  0
|  14|0x0000000688000000, 0x0000000688000000, 0x0000000688400000|  0%| F|  |TAMS 0x0000000688000000| PB 0x0000000688000000| Untracked |  0
|  79|0x0000000698400000, 0x0000000698400000, 0x0000000698800000|  0%| F|  |TAMS 0x0000000698400000| PB 0x0000000698400000| Untracked |  0
|  80|0x0000000698800000, 0x0000000698800000, 0x0000000698c00000|  0%| F|  |TAMS 0x0000000698800000| PB 0x0000000698800000| Untracked |  0
|  83|0x0000000699400000, 0x0000000699400000, 0x0000000699800000|  0%| F|  |TAMS 0x0000000699400000| PB 0x0000000699400000| Untracked |  0
|  93|0x000000069bc00000, 0x000000069be21bb8, 0x000000069c000000| 53%| E|  |TAMS 0x000000069bc00000| PB 0x000000069bc00000| Complete |  0
|1517|0x00000007ffc00000, 0x0000000800000000, 0x0000000800000000|100%| E|CS|TAMS 0x00000007ffc00000| PB 0x00000007ffc00000| Complete |  0

Card table byte_map: [0x000001a87ea40000,0x000001a87f620000] _byte_map_base: 0x000001a87b61c000

Marking Bits: (CMBitMap*) 0x000001a87220f2b0
 Bits: [0x000001a800000000, 0x000001a805ee0000)

Polling page: 0x000001a86ff50000

Metaspace:

Usage:
  Non-class:     57.47 MB used.
      Class:      7.37 MB used.
       Both:     64.85 MB used.

Virtual space:
  Non-class space:       64.00 MB reserved,      57.81 MB ( 90%) committed,  1 nodes.
      Class space:        1.00 GB reserved,       7.62 MB ( <1%) committed,  1 nodes.
             Both:        1.06 GB reserved,      65.44 MB (  6%) committed. 

Chunk freelists:
   Non-Class:  6.21 MB
       Class:  8.24 MB
        Both:  14.45 MB

MaxMetaspaceSize: unlimited
CompressedClassSpaceSize: 1.00 GB
Initial GC threshold: 21.00 MB
Current GC threshold: 98.56 MB
CDS: on
 - commit_granule_bytes: 65536.
 - commit_granule_words: 8192.
 - virtual_space_node_default_size: 8388608.
 - enlarge_chunks_in_place: 1.
UseCompressedClassPointers 1, UseCompactObjectHeaders 0
Narrow klass pointer bits 32, Max shift 3
Narrow klass base: 0x000001a809000000, Narrow klass shift: 0
Encoding Range: [0x000001a809000000 - 0x000001a909000000), (4294967296 bytes)
Klass Range:    [0x000001a809000000 - 0x000001a84a000000), (1090519040 bytes)
Klass ID Range:  [8 - 1090519033) (1090519025)


Internal statistics:

num_allocs_failed_limit: 9.
num_arena_births: 724.
num_arena_deaths: 0.
num_vsnodes_births: 2.
num_vsnodes_deaths: 0.
num_space_committed: 1047.
num_space_uncommitted: 0.
num_chunks_returned_to_freelist: 9.
num_chunks_taken_from_freelist: 2973.
num_chunk_merges: 6.
num_chunk_splits: 2234.
num_chunks_enlarged: 1846.
num_inconsistent_stats: 0.

CodeCache: size=49152Kb used=9795Kb max_used=9795Kb free=39356Kb
 bounds [0x000001a87aa20000, 0x000001a87b400000, 0x000001a87da20000]
 total_blobs=6757, nmethods=6053, adapters=628, full_count=0
Compilation: enabled, stopped_count=0, restarted_count=0

Compilation events (20 events):
Event: 243.711 Thread 0x000001a851998550 6111       1       jdk.jfr.internal.EventControl::getEventType (5 bytes)
Event: 243.711 Thread 0x000001a851998ce0 6112       1       jdk.jfr.internal.EventControl::getSettingsId (5 bytes)
Event: 243.711 Thread 0x000001a851998550 nmethod 6111 0x000001a87ab8f188 code [0x000001a87ab8f280, 0x000001a87ab8f348]
Event: 243.711 Thread 0x000001a851998ce0 nmethod 6112 0x000001a87ab8ee88 code [0x000001a87ab8ef80, 0x000001a87ab8f048]
Event: 243.711 Thread 0x000001a851998550 6115   !   1       jdk.jfr.internal.Control::setValue (102 bytes)
Event: 243.711 Thread 0x000001a851998ce0 6117       1       jdk.jfr.internal.Control::apply (10 bytes)
Event: 243.711 Thread 0x000001a87ffe3820 6116       1       jdk.jfr.internal.SettingsManager$InternalSetting::getValues (35 bytes)
Event: 243.711 Thread 0x000001a87ffe3820 nmethod 6116 0x000001a87ab8eb08 code [0x000001a87ab8ec40, 0x000001a87ab8ee48]
Event: 243.711 Thread 0x000001a851998ce0 nmethod 6117 0x000001a87ab8e808 code [0x000001a87ab8e920, 0x000001a87ab8ea30]
Event: 243.711 Thread 0x000001a87ffe3820 6118       1       jdk.jfr.internal.Control::findCombine (121 bytes)
Event: 243.711 Thread 0x000001a851998ce0 6114       1       jdk.jfr.internal.PlatformEventType::isEnabled (5 bytes)
Event: 243.711 Thread 0x000001a851998ce0 nmethod 6114 0x000001a87ab8e508 code [0x000001a87ab8e600, 0x000001a87ab8e6c8]
Event: 243.711 Thread 0x000001a851998ce0 6113       1       jdk.jfr.internal.EventControl::getNamedControls (5 bytes)
Event: 243.711 Thread 0x000001a851998ce0 nmethod 6113 0x000001a87ab8e208 code [0x000001a87ab8e300, 0x000001a87ab8e3c8]
Event: 243.712 Thread 0x000001a851998550 nmethod 6115 0x000001a87ab8d908 code [0x000001a87ab8db00, 0x000001a87ab8e190]
Event: 243.712 Thread 0x000001a87ffe3820 nmethod 6118 0x000001a87ab8cf88 code [0x000001a87ab8d140, 0x000001a87ab8d8f0]
Event: 243.714 Thread 0x000001a87ffe3820 6119       1       jdk.jfr.internal.periodic.EventTask::getEventType (5 bytes)
Event: 243.715 Thread 0x000001a87ffe3820 nmethod 6119 0x000001a87ab8cc88 code [0x000001a87ab8cd80, 0x000001a87ab8ce48]
Event: 243.715 Thread 0x000001a87ffe3820 6120       1       jdk.jfr.internal.periodic.PeriodicTask::getPeriod (5 bytes)
Event: 243.715 Thread 0x000001a87ffe3820 nmethod 6120 0x000001a87ab8c988 code [0x000001a87ab8ca80, 0x000001a87ab8cb48]

GC Heap History (18 events):
Event: 0.759 GC heap before
{Heap before GC invocations=0 (full 0):
 garbage-first heap   total reserved 6217728K, committed 393216K, used 50288K [0x0000000684800000, 0x0000000800000000)
  region size 4096K, 12 young (49152K), 0 survivors (0K)
 Metaspace       used 10463K, committed 10688K, reserved 1114112K
  class space    used 1165K, committed 1280K, reserved 1048576K
}
Event: 0.763 GC heap after
{Heap after GC invocations=1 (full 0):
 garbage-first heap   total reserved 6217728K, committed 393216K, used 10383K [0x0000000684800000, 0x0000000800000000)
  region size 4096K, 2 young (8192K), 2 survivors (8192K)
 Metaspace       used 10463K, committed 10688K, reserved 1114112K
  class space    used 1165K, committed 1280K, reserved 1048576K
}
Event: 1.122 GC heap before
{Heap before GC invocations=1 (full 0):
 garbage-first heap   total reserved 6217728K, committed 393216K, used 51343K [0x0000000684800000, 0x0000000800000000)
  region size 4096K, 13 young (53248K), 2 survivors (8192K)
 Metaspace       used 21227K, committed 21504K, reserved 1114112K
  class space    used 2289K, committed 2368K, reserved 1048576K
}
Event: 1.127 GC heap after
{Heap after GC invocations=2 (full 0):
 garbage-first heap   total reserved 6217728K, committed 393216K, used 14267K [0x0000000684800000, 0x0000000800000000)
  region size 4096K, 3 young (12288K), 3 survivors (12288K)
 Metaspace       used 21227K, committed 21504K, reserved 1114112K
  class space    used 2289K, committed 2368K, reserved 1048576K
}
Event: 1.584 GC heap before
{Heap before GC invocations=3 (full 0):
 garbage-first heap   total reserved 6217728K, committed 69632K, used 63419K [0x0000000684800000, 0x0000000800000000)
  region size 4096K, 15 young (61440K), 3 survivors (12288K)
 Metaspace       used 26877K, committed 27200K, reserved 1114112K
  class space    used 3015K, committed 3136K, reserved 1048576K
}
Event: 1.591 GC heap after
{Heap after GC invocations=4 (full 0):
 garbage-first heap   total reserved 6217728K, committed 86016K, used 18575K [0x0000000684800000, 0x0000000800000000)
  region size 4096K, 4 young (16384K), 4 survivors (16384K)
 Metaspace       used 26877K, committed 27200K, reserved 1114112K
  class space    used 3015K, committed 3136K, reserved 1048576K
}
Event: 1.893 GC heap before
{Heap before GC invocations=4 (full 0):
 garbage-first heap   total reserved 6217728K, committed 86016K, used 51343K [0x0000000684800000, 0x0000000800000000)
  region size 4096K, 12 young (49152K), 4 survivors (16384K)
 Metaspace       used 31025K, committed 31424K, reserved 1114112K
  class space    used 3521K, committed 3712K, reserved 1048576K
}
Event: 1.901 GC heap after
{Heap after GC invocations=5 (full 0):
 garbage-first heap   total reserved 6217728K, committed 86016K, used 20019K [0x0000000684800000, 0x0000000800000000)
  region size 4096K, 2 young (8192K), 2 survivors (8192K)
 Metaspace       used 31025K, committed 31424K, reserved 1114112K
  class space    used 3521K, committed 3712K, reserved 1048576K
}
Event: 2.127 GC heap before
{Heap before GC invocations=5 (full 0):
 garbage-first heap   total reserved 6217728K, committed 86016K, used 36403K [0x0000000684800000, 0x0000000800000000)
  region size 4096K, 7 young (28672K), 2 survivors (8192K)
 Metaspace       used 35696K, committed 36096K, reserved 1114112K
  class space    used 4009K, committed 4224K, reserved 1048576K
}
Event: 2.132 GC heap after
{Heap after GC invocations=6 (full 0):
 garbage-first heap   total reserved 6217728K, committed 86016K, used 20610K [0x0000000684800000, 0x0000000800000000)
  region size 4096K, 1 young (4096K), 1 survivors (4096K)
 Metaspace       used 35696K, committed 36096K, reserved 1114112K
  class space    used 4009K, committed 4224K, reserved 1048576K
}
Event: 2.733 GC heap before
{Heap before GC invocations=7 (full 0):
 garbage-first heap   total reserved 6217728K, committed 81920K, used 61570K [0x0000000684800000, 0x0000000800000000)
  region size 4096K, 11 young (45056K), 1 survivors (4096K)
 Metaspace       used 46646K, committed 47104K, reserved 1114112K
  class space    used 5110K, committed 5312K, reserved 1048576K
}
Event: 2.736 GC heap after
{Heap after GC invocations=8 (full 0):
 garbage-first heap   total reserved 6217728K, committed 81920K, used 23393K [0x0000000684800000, 0x0000000800000000)
  region size 4096K, 2 young (8192K), 2 survivors (8192K)
 Metaspace       used 46646K, committed 47104K, reserved 1114112K
  class space    used 5110K, committed 5312K, reserved 1048576K
}
Event: 3.269 GC heap before
{Heap before GC invocations=8 (full 0):
 garbage-first heap   total reserved 6217728K, committed 81920K, used 60257K [0x0000000684800000, 0x0000000800000000)
  region size 4096K, 11 young (45056K), 2 survivors (8192K)
 Metaspace       used 56654K, committed 57152K, reserved 1114112K
  class space    used 6265K, committed 6464K, reserved 1048576K
}
Event: 3.273 GC heap after
{Heap after GC invocations=9 (full 0):
 garbage-first heap   total reserved 6217728K, committed 81920K, used 25407K [0x0000000684800000, 0x0000000800000000)
  region size 4096K, 2 young (8192K), 2 survivors (8192K)
 Metaspace       used 56654K, committed 57152K, reserved 1114112K
  class space    used 6265K, committed 6464K, reserved 1048576K
}
Event: 3.576 GC heap before
{Heap before GC invocations=9 (full 0):
 garbage-first heap   total reserved 6217728K, committed 81920K, used 49983K [0x0000000684800000, 0x0000000800000000)
  region size 4096K, 9 young (36864K), 2 survivors (8192K)
 Metaspace       used 59957K, committed 60416K, reserved 1114112K
  class space    used 6708K, committed 6912K, reserved 1048576K
}
Event: 3.582 GC heap after
{Heap after GC invocations=10 (full 0):
 garbage-first heap   total reserved 6217728K, committed 81920K, used 28209K [0x0000000684800000, 0x0000000800000000)
  region size 4096K, 2 young (8192K), 2 survivors (8192K)
 Metaspace       used 59957K, committed 60416K, reserved 1114112K
  class space    used 6708K, committed 6912K, reserved 1048576K
}
Event: 243.665 GC heap before
{Heap before GC invocations=11 (full 0):
 garbage-first heap   total reserved 6217728K, committed 81920K, used 65073K [0x0000000684800000, 0x0000000800000000)
  region size 4096K, 11 young (45056K), 2 survivors (8192K)
 Metaspace       used 66051K, committed 66560K, reserved 1114112K
  class space    used 7491K, committed 7680K, reserved 1048576K
}
Event: 243.669 GC heap after
{Heap after GC invocations=12 (full 0):
 garbage-first heap   total reserved 6217728K, committed 81920K, used 30551K [0x0000000684800000, 0x0000000800000000)
  region size 4096K, 2 young (8192K), 2 survivors (8192K)
 Metaspace       used 66051K, committed 66560K, reserved 1114112K
  class space    used 7491K, committed 7680K, reserved 1048576K
}

Dll operation events (13 events):
Event: 0.009 Loaded shared library C:\Users\mouss\.jdks\openjdk-24\bin\java.dll
Event: 0.090 Loaded shared library C:\Users\mouss\.jdks\openjdk-24\bin\zip.dll
Event: 0.093 Loaded shared library C:\Users\mouss\.jdks\openjdk-24\bin\instrument.dll
Event: 0.096 Loaded shared library C:\Users\mouss\.jdks\openjdk-24\bin\net.dll
Event: 0.098 Loaded shared library C:\Users\mouss\.jdks\openjdk-24\bin\nio.dll
Event: 0.100 Loaded shared library C:\Users\mouss\.jdks\openjdk-24\bin\zip.dll
Event: 0.144 Loaded shared library C:\Users\mouss\.jdks\openjdk-24\bin\jimage.dll
Event: 0.169 Loaded shared library C:\Users\mouss\.jdks\openjdk-24\bin\extnet.dll
Event: 0.179 Loaded shared library C:\Users\mouss\.jdks\openjdk-24\bin\management.dll
Event: 0.186 Loaded shared library C:\Users\mouss\.jdks\openjdk-24\bin\management_ext.dll
Event: 1.223 Loaded shared library C:\Users\mouss\.jdks\openjdk-24\bin\sunmscapi.dll
Event: 2.120 Loaded shared library C:\Users\mouss\.jdks\openjdk-24\bin\verify.dll
Event: 243.581 Loaded shared library C:\Users\mouss\AppData\Local\Temp\idea_libasyncProfiler_dll_temp_folder1\libasyncProfiler.dll

Deoptimization events (0 events):
No events

Classes loaded (20 events):
Event: 243.695 Loading class jdk/jfr/internal/MetadataWriter
Event: 243.695 Loading class jdk/jfr/internal/MetadataWriter done
Event: 243.695 Loading class jdk/jfr/internal/MetadataDescriptor$Element
Event: 243.695 Loading class jdk/jfr/internal/MetadataDescriptor$Element done
Event: 243.696 Loading class jdk/jfr/internal/MetadataDescriptor$Attribute
Event: 243.696 Loading class jdk/jfr/internal/MetadataDescriptor$Attribute done
Event: 243.699 Loading class jdk/jfr/internal/consumer/StringParser$Encoding
Event: 243.699 Loading class jdk/jfr/internal/consumer/StringParser$Encoding done
Event: 243.706 Loading class jdk/jfr/internal/consumer/RepositoryFiles
Event: 243.706 Loading class jdk/jfr/internal/consumer/RepositoryFiles done
Event: 243.709 Loading class jdk/jfr/internal/SettingsManager$InternalSetting
Event: 243.709 Loading class jdk/jfr/internal/SettingsManager$InternalSetting done
Event: 243.710 Loading class jdk/jfr/internal/util/Rate
Event: 243.710 Loading class jdk/jfr/internal/util/Rate done
Event: 243.710 Loading class jdk/jfr/internal/util/TimespanUnit
Event: 243.710 Loading class jdk/jfr/internal/util/TimespanUnit done
Event: 243.710 Loading class jdk/jfr/internal/util/ValueParser
Event: 243.710 Loading class jdk/jfr/internal/util/ValueParser done
Event: 243.711 Loading class jdk/jfr/internal/periodic/PeriodicType
Event: 243.711 Loading class jdk/jfr/internal/periodic/PeriodicType done

Classes unloaded (0 events):
No events

Classes redefined (0 events):
No events

Internal exceptions (20 events):
Event: 3.706 Thread 0x000001a808e57670 Exception <a 'java/lang/NoSuchMethodError'{0x0000000699654c00}: 'java.lang.Object java.lang.invoke.DirectMethodHandle$Holder.invokeSpecial(java.lang.Object, java.lang.Object, java.lang.Object, java.lang.Object, java.lang.Object, java.lang.Object, long)'> (0x0000000699654c00) 
thrown [s\open\src\hotspot\share\interpreter\linkResolver.cpp, line 805]
Event: 3.706 Thread 0x000001a808e57670 Exception <a 'java/lang/NoSuchMethodError'{0x000000069965cf98}: 'java.lang.Object java.lang.invoke.DelegatingMethodHandle$Holder.reinvoke_L(java.lang.Object, java.lang.Object, java.lang.Object, java.lang.Object, java.lang.Object, long)'> (0x000000069965cf98) 
thrown [s\open\src\hotspot\share\interpreter\linkResolver.cpp, line 805]
Event: 3.707 Thread 0x000001a808e57670 Exception <a 'java/lang/NoSuchMethodError'{0x000000069966d398}: 'java.lang.Object java.lang.invoke.Invokers$Holder.linkToTargetMethod(java.lang.Object, java.lang.Object, java.lang.Object, long, java.lang.Object)'> (0x000000069966d398) 
thrown [s\open\src\hotspot\share\interpreter\linkResolver.cpp, line 805]
Event: 3.740 Thread 0x000001a808e57670 Exception <a 'java/lang/NoSuchMethodError'{0x0000000698810650}: 'java.lang.Object java.lang.invoke.DirectMethodHandle$Holder.invokeStatic(java.lang.Object, int, int)'> (0x0000000698810650) 
thrown [s\open\src\hotspot\share\interpreter\linkResolver.cpp, line 805]
Event: 3.748 Thread 0x000001a808e57670 Exception <a 'java/io/IOException'{0x00000006988907a0}> (0x00000006988907a0) 
thrown [s\open\src\hotspot\share\prims\jni.cpp, line 518]
Event: 3.769 Thread 0x000001a808e57670 Exception <a 'java/io/IOException'{0x00000006989aa478}> (0x00000006989aa478) 
thrown [s\open\src\hotspot\share\prims\jni.cpp, line 518]
Event: 3.770 Thread 0x000001a808e57670 Exception <a 'java/io/IOException'{0x00000006989acfb8}> (0x00000006989acfb8) 
thrown [s\open\src\hotspot\share\prims\jni.cpp, line 518]
Event: 3.770 Thread 0x000001a808e57670 Exception <a 'java/io/IOException'{0x00000006989afaf8}> (0x00000006989afaf8) 
thrown [s\open\src\hotspot\share\prims\jni.cpp, line 518]
Event: 3.770 Thread 0x000001a808e57670 Exception <a 'java/io/IOException'{0x00000006989b2788}> (0x00000006989b2788) 
thrown [s\open\src\hotspot\share\prims\jni.cpp, line 518]
Event: 3.770 Thread 0x000001a808e57670 Exception <a 'java/io/IOException'{0x00000006989b53c0}> (0x00000006989b53c0) 
thrown [s\open\src\hotspot\share\prims\jni.cpp, line 518]
Event: 4.181 Thread 0x000001a84fbe4640 Exception <a 'java/lang/NoSuchMethodError'{0x0000000698ada0f0}: 'java.lang.Object java.lang.invoke.DirectMethodHandle$Holder.invokeInterface(java.lang.Object, java.lang.Object, java.lang.Object, java.lang.Object, java.lang.Object, java.lang.Object, java.lang.Object)'> (0x0000000698ada0f0) 
thrown [s\open\src\hotspot\share\interpreter\linkResolver.cpp, line 805]
Event: 4.184 Thread 0x000001a84fbe4640 Exception <a 'java/lang/NoSuchMethodError'{0x0000000698b6a378}: 'java.lang.Object java.lang.invoke.DirectMethodHandle$Holder.invokeStatic(java.lang.Object, java.lang.Object, java.lang.Object, java.lang.Object, java.lang.Object, java.lang.Object, java.lang.Object, java.lang.Object, java.lang.Object, java.lang.Object)'> (0x0000000698b6a378) 
thrown [s\open\src\hotspot\share\interpreter\linkResolver.cpp, line 805]
Event: 8.370 Thread 0x000001a84fbe37a0 Exception <a 'java/lang/IncompatibleClassChangeError'{0x0000000688068820}: Found class java.lang.Object, but interface was expected> (0x0000000688068820) 
thrown [s\open\src\hotspot\share\interpreter\linkResolver.cpp, line 872]
Event: 155.311 Thread 0x000001a84fbe4d90 Exception <a 'java/io/IOException'{0x00000006871f0de0}> (0x00000006871f0de0) 
thrown [s\open\src\hotspot\share\prims\jni.cpp, line 518]
Event: 243.636 Thread 0x000001a87ffc95c0 Exception <a 'java/lang/NoSuchMethodError'{0x0000000686c9f610}: 'void java.lang.invoke.DirectMethodHandle$Holder.invokeStaticInit(java.lang.Object)'> (0x0000000686c9f610) 
thrown [s\open\src\hotspot\share\interpreter\linkResolver.cpp, line 805]
Event: 243.688 Thread 0x000001a87ffc95c0 Exception <a 'java/lang/NoSuchMethodError'{0x00000007ffe457d8}: 'void java.lang.invoke.DirectMethodHandle$Holder.invokeSpecial(java.lang.Object, java.lang.Object, int)'> (0x00000007ffe457d8) 
thrown [s\open\src\hotspot\share\interpreter\linkResolver.cpp, line 805]
Event: 243.688 Thread 0x000001a87ffc95c0 Exception <a 'java/lang/NoSuchMethodError'{0x00000007ffe4d3f8}: 'void java.lang.invoke.Invokers$Holder.invokeExact_MT(java.lang.Object, int, java.lang.Object)'> (0x00000007ffe4d3f8) 
thrown [s\open\src\hotspot\share\interpreter\linkResolver.cpp, line 805]
Event: 243.691 Thread 0x000001a87ffc95c0 Exception <a 'sun/nio/fs/WindowsException'{0x00000007ffec3b28}> (0x00000007ffec3b28) 
thrown [s\open\src\hotspot\share\prims\jni.cpp, line 518]
Event: 243.692 Thread 0x000001a87ffc95c0 Exception <a 'sun/nio/fs/WindowsException'{0x00000007ffed09d0}> (0x00000007ffed09d0) 
thrown [s\open\src\hotspot\share\prims\jni.cpp, line 518]
Event: 243.694 Thread 0x000001a87ffc95c0 Exception <a 'sun/nio/fs/WindowsException'{0x00000007ffee2710}> (0x00000007ffee2710) 
thrown [s\open\src\hotspot\share\prims\jni.cpp, line 518]

VM Operations (20 events):
Event: 3.772 Executing VM operation: HandshakeAllThreads (Deoptimize)
Event: 3.772 Executing VM operation: HandshakeAllThreads (Deoptimize) done
Event: 8.438 Executing VM operation: HandshakeAllThreads (Deoptimize)
Event: 8.438 Executing VM operation: HandshakeAllThreads (Deoptimize) done
Event: 60.159 Executing VM operation: HandshakeAllThreads (HandshakeForDeflation)
Event: 60.159 Executing VM operation: HandshakeAllThreads (HandshakeForDeflation) done
Event: 60.159 Executing VM operation: RendezvousGCThreads
Event: 60.159 Executing VM operation: RendezvousGCThreads done
Event: 120.287 Executing VM operation: HandshakeAllThreads (HandshakeForDeflation)
Event: 120.287 Executing VM operation: HandshakeAllThreads (HandshakeForDeflation) done
Event: 120.287 Executing VM operation: RendezvousGCThreads
Event: 120.287 Executing VM operation: RendezvousGCThreads done
Event: 180.401 Executing VM operation: HandshakeAllThreads (HandshakeForDeflation)
Event: 180.401 Executing VM operation: HandshakeAllThreads (HandshakeForDeflation) done
Event: 180.401 Executing VM operation: RendezvousGCThreads
Event: 180.401 Executing VM operation: RendezvousGCThreads done
Event: 243.665 Executing VM operation: G1CollectForAllocation (G1 Evacuation Pause)
Event: 243.669 Executing VM operation: G1CollectForAllocation (G1 Evacuation Pause) done
Event: 243.707 Executing VM operation: JFRSafepointClear
Event: 243.707 Executing VM operation: JFRSafepointClear done

Memory protections (0 events):
No events

Nmethod flushes (20 events):
Event: 3.596 Thread 0x000001a87ffb1180 flushing  nmethod 0x000001a87b0f3808
Event: 3.596 Thread 0x000001a87ffb1180 flushing  nmethod 0x000001a87b150e08
Event: 3.596 Thread 0x000001a87ffb1180 flushing  nmethod 0x000001a87b151508
Event: 3.596 Thread 0x000001a87ffb1180 flushing  nmethod 0x000001a87ae1ef08
Event: 3.596 Thread 0x000001a87ffb1180 flushing  nmethod 0x000001a87ae8b508
Event: 3.596 Thread 0x000001a87ffb1180 flushing  nmethod 0x000001a87b076c88
Event: 3.596 Thread 0x000001a87ffb1180 flushing  nmethod 0x000001a87b0c6408
Event: 3.596 Thread 0x000001a87ffb1180 flushing  nmethod 0x000001a87b0c6988
Event: 3.596 Thread 0x000001a87ffb1180 flushing  nmethod 0x000001a87b110708
Event: 3.596 Thread 0x000001a87ffb1180 flushing  nmethod 0x000001a87b165f08
Event: 3.596 Thread 0x000001a87ffb1180 flushing  nmethod 0x000001a87b1ae788
Event: 3.596 Thread 0x000001a87ffb1180 flushing  nmethod 0x000001a87b1aea88
Event: 3.596 Thread 0x000001a87ffb1180 flushing  nmethod 0x000001a87adef988
Event: 3.596 Thread 0x000001a87ffb1180 flushing  nmethod 0x000001a87b0f3b08
Event: 3.596 Thread 0x000001a87ffb1180 flushing  nmethod 0x000001a87b07ce88
Event: 3.596 Thread 0x000001a87ffb1180 flushing  nmethod 0x000001a87b0ca508
Event: 3.596 Thread 0x000001a87ffb1180 flushing  nmethod 0x000001a87b123888
Event: 3.596 Thread 0x000001a87ffb1180 flushing  nmethod 0x000001a87aca9288
Event: 3.596 Thread 0x000001a87ffb1180 flushing  nmethod 0x000001a87b07dc88
Event: 3.596 Thread 0x000001a87ffb1180 flushing  nmethod 0x000001a87b170608

Events (20 events):
Event: 3.688 Thread 0x000001a84fbe7970 Thread added: 0x000001a84fbe7970
Event: 4.171 Thread 0x000001a87ffcd0d0 Thread added: 0x000001a84fbe4640
Event: 4.172 Thread 0x000001a84fbe4640 Thread added: 0x000001a84fbe9e00
Event: 4.176 Thread 0x000001a84fbe9e00 Thread exited: 0x000001a84fbe9e00
Event: 4.177 Thread 0x000001a84fbe4640 Thread added: 0x000001a84fbe8f60
Event: 4.185 Thread 0x000001a84fbe8f60 Thread exited: 0x000001a84fbe8f60
Event: 4.187 Thread 0x000001a84fbe4640 Thread added: 0x000001a84fbe9e00
Event: 4.191 Thread 0x000001a84fbe9e00 Thread exited: 0x000001a84fbe9e00
Event: 7.886 Thread 0x000001a808d91be0 Thread exited: 0x000001a808d91be0
Event: 8.375 Thread 0x000001a808e56f20 Thread exited: 0x000001a808e56f20
Event: 10.242 Thread 0x000001a8082cb6e0 Thread exited: 0x000001a8082cb6e0
Event: 10.242 Thread 0x000001a8082a8940 Thread exited: 0x000001a8082a8940
Event: 90.389 Thread 0x000001a84fbe4640 Thread exited: 0x000001a84fbe4640
Event: 128.559 Thread 0x000001a87ffe3820 Thread added: 0x000001a808c187b0
Event: 136.534 Thread 0x000001a808c187b0 Thread exited: 0x000001a808c187b0
Event: 180.405 Thread 0x000001a87ffcd0d0 Thread added: 0x000001a84fbe4640
Event: 243.634 Thread 0x000001a87ffc95c0 Thread added: 0x000001a84fbe96b0
Event: 243.686 Thread 0x000001a87ffe3820 Thread added: 0x000001a851998550
Event: 243.686 Thread 0x000001a87ffe3820 Thread added: 0x000001a851998ce0
Event: 243.689 Thread 0x000001a87ffc95c0 Thread added: 0x000001a84fbeaca0


Dynamic libraries:
0x00007ff775e80000 - 0x00007ff775e8e000 	C:\Users\mouss\.jdks\openjdk-24\bin\java.exe
0x00007ff9b8f40000 - 0x00007ff9b91a0000 	C:\WINDOWS\SYSTEM32\ntdll.dll
0x00007ff9b7df0000 - 0x00007ff9b7eb7000 	C:\WINDOWS\System32\KERNEL32.DLL
0x00007ff9b6520000 - 0x00007ff9b68ea000 	C:\WINDOWS\System32\KERNELBASE.dll
0x00007ff9b63d0000 - 0x00007ff9b651b000 	C:\WINDOWS\System32\ucrtbase.dll
0x00007ff94bc80000 - 0x00007ff94bc96000 	C:\Users\mouss\.jdks\openjdk-24\bin\jli.dll
0x00007ff939370000 - 0x00007ff93938b000 	C:\Users\mouss\.jdks\openjdk-24\bin\VCRUNTIME140.dll
0x00007ff9b8680000 - 0x00007ff9b884c000 	C:\WINDOWS\System32\USER32.dll
0x00007ff9b6d10000 - 0x00007ff9b6d37000 	C:\WINDOWS\System32\win32u.dll
0x00007ff9b72a0000 - 0x00007ff9b72ca000 	C:\WINDOWS\System32\GDI32.dll
0x00007ff9b6bd0000 - 0x00007ff9b6d01000 	C:\WINDOWS\System32\gdi32full.dll
0x00007ff9898d0000 - 0x00007ff989b67000 	C:\WINDOWS\WinSxS\amd64_microsoft.windows.common-controls_6595b64144ccf1df_6.0.26100.3624_none_3e086962e3345f24\COMCTL32.dll
0x00007ff9b6b20000 - 0x00007ff9b6bc3000 	C:\WINDOWS\System32\msvcp_win.dll
0x00007ff9b8850000 - 0x00007ff9b88f9000 	C:\WINDOWS\System32\msvcrt.dll
0x00007ff9b6dd0000 - 0x00007ff9b6dff000 	C:\WINDOWS\System32\IMM32.DLL
0x00007ff970220000 - 0x00007ff97022c000 	C:\Users\mouss\.jdks\openjdk-24\bin\vcruntime140_1.dll
0x00007ff8cc650000 - 0x00007ff8cc6de000 	C:\Users\mouss\.jdks\openjdk-24\bin\msvcp140.dll
0x00007ff8a61d0000 - 0x00007ff8a6f72000 	C:\Users\mouss\.jdks\openjdk-24\bin\server\jvm.dll
0x00007ff9b8900000 - 0x00007ff9b89b2000 	C:\WINDOWS\System32\ADVAPI32.dll
0x00007ff9b7d00000 - 0x00007ff9b7da6000 	C:\WINDOWS\System32\sechost.dll
0x00007ff9b7b80000 - 0x00007ff9b7c96000 	C:\WINDOWS\System32\RPCRT4.dll
0x00007ff9b7350000 - 0x00007ff9b73c4000 	C:\WINDOWS\System32\WS2_32.dll
0x00007ff9b2ba0000 - 0x00007ff9b2bd6000 	C:\WINDOWS\SYSTEM32\WINMM.dll
0x00007ff9b4d50000 - 0x00007ff9b4dae000 	C:\WINDOWS\SYSTEM32\POWRPROF.dll
0x00007ff998e50000 - 0x00007ff998e5b000 	C:\WINDOWS\SYSTEM32\VERSION.dll
0x00007ff9b4d30000 - 0x00007ff9b4d44000 	C:\WINDOWS\SYSTEM32\UMPDC.dll
0x00007ff9b5010000 - 0x00007ff9b502a000 	C:\WINDOWS\SYSTEM32\kernel.appcore.dll
0x00007ff96c810000 - 0x00007ff96c81a000 	C:\Users\mouss\.jdks\openjdk-24\bin\jimage.dll
0x00007ff9b3370000 - 0x00007ff9b35b1000 	C:\WINDOWS\SYSTEM32\DBGHELP.DLL
0x00007ff9b8b50000 - 0x00007ff9b8ed2000 	C:\WINDOWS\System32\combase.dll
0x00007ff9b8a70000 - 0x00007ff9b8b46000 	C:\WINDOWS\System32\OLEAUT32.dll
0x00007ff97d4f0000 - 0x00007ff97d529000 	C:\WINDOWS\SYSTEM32\dbgcore.DLL
0x00007ff9b62a0000 - 0x00007ff9b6339000 	C:\WINDOWS\System32\bcryptPrimitives.dll
0x00007ff98fd00000 - 0x00007ff98fd0f000 	C:\Users\mouss\.jdks\openjdk-24\bin\instrument.dll
0x00007ff936860000 - 0x00007ff93687e000 	C:\Users\mouss\.jdks\openjdk-24\bin\java.dll
0x00007ff9b7fb0000 - 0x00007ff9b8146000 	C:\WINDOWS\System32\ole32.dll
0x00007ff9b73d0000 - 0x00007ff9b7af9000 	C:\WINDOWS\System32\SHELL32.dll
0x00007ff9b69b0000 - 0x00007ff9b6b18000 	C:\WINDOWS\System32\wintypes.dll
0x00007ff9b3dc0000 - 0x00007ff9b4612000 	C:\WINDOWS\SYSTEM32\windows.storage.dll
0x00007ff9b7ec0000 - 0x00007ff9b7fad000 	C:\WINDOWS\System32\SHCORE.dll
0x00007ff9b7b00000 - 0x00007ff9b7b64000 	C:\WINDOWS\System32\shlwapi.dll
0x00007ff9b6030000 - 0x00007ff9b605f000 	C:\WINDOWS\SYSTEM32\profapi.dll
0x00007ff9311b0000 - 0x00007ff9311c7000 	C:\Users\mouss\.jdks\openjdk-24\bin\zip.dll
0x00007ff9689b0000 - 0x00007ff9689c0000 	C:\Users\mouss\.jdks\openjdk-24\bin\net.dll
0x00007ff9b5510000 - 0x00007ff9b557a000 	C:\WINDOWS\system32\mswsock.dll
0x00007ff933720000 - 0x00007ff933736000 	C:\Users\mouss\.jdks\openjdk-24\bin\nio.dll
0x00007ff9b4a20000 - 0x00007ff9b4b45000 	C:\WINDOWS\SYSTEM32\DNSAPI.dll
0x00007ff9b4990000 - 0x00007ff9b49c3000 	C:\WINDOWS\SYSTEM32\IPHLPAPI.DLL
0x00007ff9b7db0000 - 0x00007ff9b7dba000 	C:\WINDOWS\System32\NSI.dll
0x00007ff991150000 - 0x00007ff99115b000 	C:\Windows\System32\rasadhlp.dll
0x00007ff9a9ee0000 - 0x00007ff9a9f65000 	C:\WINDOWS\System32\fwpuclnt.dll
0x00007ff967b90000 - 0x00007ff967b99000 	C:\Users\mouss\.jdks\openjdk-24\bin\extnet.dll
0x00007ff98fce0000 - 0x00007ff98fcea000 	C:\Users\mouss\.jdks\openjdk-24\bin\management.dll
0x00007ff970250000 - 0x00007ff97025b000 	C:\Users\mouss\.jdks\openjdk-24\bin\management_ext.dll
0x00007ff9b85f0000 - 0x00007ff9b85f8000 	C:\WINDOWS\System32\PSAPI.DLL
0x00007ff9b58c0000 - 0x00007ff9b58dc000 	C:\WINDOWS\SYSTEM32\CRYPTSP.dll
0x00007ff9b4f70000 - 0x00007ff9b4faa000 	C:\WINDOWS\system32\rsaenh.dll
0x00007ff9b55b0000 - 0x00007ff9b55db000 	C:\WINDOWS\SYSTEM32\USERENV.dll
0x00007ff9b6000000 - 0x00007ff9b6026000 	C:\WINDOWS\SYSTEM32\bcrypt.dll
0x00007ff9b5740000 - 0x00007ff9b574c000 	C:\WINDOWS\SYSTEM32\CRYPTBASE.dll
0x00007ff9639a0000 - 0x00007ff9639b8000 	C:\WINDOWS\system32\napinsp.dll
0x00007ff962f10000 - 0x00007ff962f22000 	C:\WINDOWS\System32\winrnr.dll
0x00007ff962ed0000 - 0x00007ff962f00000 	C:\WINDOWS\system32\nlansp_c.dll
0x00007ff9ab100000 - 0x00007ff9ab116000 	C:\WINDOWS\system32\wshbth.dll
0x00007ff95cd60000 - 0x00007ff95cd6e000 	C:\Users\mouss\.jdks\openjdk-24\bin\sunmscapi.dll
0x00007ff9b6120000 - 0x00007ff9b6297000 	C:\WINDOWS\System32\CRYPT32.dll
0x00007ff9b5a10000 - 0x00007ff9b5a40000 	C:\WINDOWS\SYSTEM32\ncrypt.dll
0x00007ff9b59c0000 - 0x00007ff9b59ff000 	C:\WINDOWS\SYSTEM32\NTASN1.dll
0x00007ff9667f0000 - 0x00007ff966800000 	C:\Users\mouss\.jdks\openjdk-24\bin\verify.dll
0x00007ff963990000 - 0x00007ff963998000 	C:\WINDOWS\system32\wshunix.dll
0x00007ff8a8720000 - 0x00007ff8a892e000 	C:\Users\mouss\AppData\Local\Temp\idea_libasyncProfiler_dll_temp_folder1\libasyncProfiler.dll

dbghelp: loaded successfully - version: 4.0.5 - missing functions: none
symbol engine: initialized successfully - sym options: 0x614 - pdb path: .;C:\Users\mouss\.jdks\openjdk-24\bin;C:\WINDOWS\SYSTEM32;C:\WINDOWS\WinSxS\amd64_microsoft.windows.common-controls_6595b64144ccf1df_6.0.26100.3624_none_3e086962e3345f24;C:\Users\mouss\.jdks\openjdk-24\bin\server;C:\Users\mouss\AppData\Local\Temp\idea_libasyncProfiler_dll_temp_folder1

VM Arguments:
jvm_args: -XX:TieredStopAtLevel=1 -Dspring.output.ansi.enabled=always -Dcom.sun.management.jmxremote -Dspring.jmx.enabled=true -Dspring.liveBeansView.mbeanDomain -Dspring.application.admin.enabled=true -Dmanagement.endpoints.jmx.exposure.include=* -javaagent:C:\Program Files\JetBrains\IntelliJ IDEA 2024.3.5\lib\idea_rt.jar=61632 -Dfile.encoding=UTF-8 -Dsun.stdout.encoding=UTF-8 -Dsun.stderr.encoding=UTF-8 
java_command: com.ddmspringapp.exosaver.ExosaverApplication
java_class_path (initial): C:\Users\mouss\JavaProject\exosaver\target\classes;C:\Users\mouss\.m2\repository\org\springframework\boot\spring-boot-starter-data-jpa\3.4.5\spring-boot-starter-data-jpa-3.4.5.jar;C:\Users\mouss\.m2\repository\org\springframework\boot\spring-boot-starter\3.4.5\spring-boot-starter-3.4.5.jar;C:\Users\mouss\.m2\repository\org\springframework\boot\spring-boot\3.4.5\spring-boot-3.4.5.jar;C:\Users\mouss\.m2\repository\org\springframework\boot\spring-boot-autoconfigure\3.4.5\spring-boot-autoconfigure-3.4.5.jar;C:\Users\mouss\.m2\repository\org\springframework\boot\spring-boot-starter-logging\3.4.5\spring-boot-starter-logging-3.4.5.jar;C:\Users\mouss\.m2\repository\ch\qos\logback\logback-classic\1.5.18\logback-classic-1.5.18.jar;C:\Users\mouss\.m2\repository\ch\qos\logback\logback-core\1.5.18\logback-core-1.5.18.jar;C:\Users\mouss\.m2\repository\org\apache\logging\log4j\log4j-to-slf4j\2.24.3\log4j-to-slf4j-2.24.3.jar;C:\Users\mouss\.m2\repository\org\apache\logging\log4j\log4j-api\2.24.3\log4j-api-2.24.3.jar;C:\Users\mouss\.m2\repository\org\slf4j\jul-to-slf4j\2.0.17\jul-to-slf4j-2.0.17.jar;C:\Users\mouss\.m2\repository\jakarta\annotation\jakarta.annotation-api\2.1.1\jakarta.annotation-api-2.1.1.jar;C:\Users\mouss\.m2\repository\org\yaml\snakeyaml\2.3\snakeyaml-2.3.jar;C:\Users\mouss\.m2\repository\org\springframework\boot\spring-boot-starter-jdbc\3.4.5\spring-boot-starter-jdbc-3.4.5.jar;C:\Users\mouss\.m2\repository\com\zaxxer\HikariCP\5.1.0\HikariCP-5.1.0.jar;C:\Users\mouss\.m2\repository\org\springframework\spring-jdbc\6.2.6\spring-jdbc-6.2.6.jar;C:\Users\mouss\.m2\repository\org\hibernate\orm\hibernate-core\6.6.13.Final\hibernate-core-6.6.13.Final.jar;C:\Users\mouss\.m2\repository\jakarta\persistence\jakarta.persistence-api\3.1.0\jakarta.persistence-api-3.1.0.jar;C:\Users\mouss\.m2\repository\jakarta\transaction\jakarta.transaction-api\2.0.1\jakarta.transaction-api-2.0.1.jar;C:\Users\mouss\.m2\repository\org\jboss\logging\jboss-logging\3.6.1.Final\jboss-logging-3.6.1.Final.jar;C:\Users\mouss\.m2\repository\org\hibernate\common\hibernate-commons-annotations\7.0.3.Final\hibernate-commons-annotations-7.0.3.Final.jar;C:\Users\mouss\.m2\repository\io\smallrye\jandex\3.2.0\jandex-3.2.0.jar;C:\Users\mouss\.m2\repository\com\fasterxml\classmate\1.7.0\classmate-1.7.0.jar;C:\Users\mouss\.m2\repository\net\bytebuddy\byte-buddy\1.15.11\byte-buddy-1.15.11.jar;C:\Users\mouss\.m2\repository\org\glassfish\jaxb\jaxb-runtime\4.0.5\jaxb-runtime-4.0.5.jar;C:\Users\mouss\.m2\repository\org\glassfish\jaxb\jaxb-core\4.0.5\jaxb-core-4.0.5.jar;C:\Users\mouss\.m2\repository\org\eclipse\angus\angus-activation\2.0.2\angus-activation-2.0.2.jar;C:\Users\mouss\.m2\repository\org\glassfish\jaxb\txw2\4.0.5\txw2-4.0.5.jar;C:\Users\mouss\.m2\repository\com\sun\istack\istack-commons-runtime\4.1.2\istack-commons-runtime-4.1.2.jar;C:\Users\mouss\.m2\repository\jakarta\inject\jakarta.inject-api\2.0.1\jakarta.inject-api-2.0.1.jar;C:\Users\mouss\.m2\repository\org\antlr\antlr4-runtime\4.13.0\antlr4-runtime-4.13.0.jar;C:\Users\mouss\.m2\repository\org\springframework\data\spring-data-jpa\3.4.5\spring-data-jpa-3.4.5.jar;C:\Users\mouss\.m2\repository\org\springframework\data\spring-data-commons\3.4.5\spring-data-commons-3.4.5.jar;C:\Users\mouss\.m2\repository\org\springframework\spring-orm\6.2.6\spring-orm-6.2.6.jar;C:\Users\mouss\.m2\repository\org\springframework\spring-context\6.2.6\spring-context-6.2.6.jar;C:\Users\mouss\.m2\repository\org\springframework\spring-aop\6.2.6\spring-aop-6.2.6.jar;C:\Users\mouss\.m2\repository\org\springframework\spring-tx\6.2.6\spring-tx-6.2.6.jar;C:\Users\mouss\.m2\repository\org\springframework\spring-beans\6.2.6\spring-beans-6.2.6.jar;C:\Users\mouss\.m2\repository\org\slf4j\slf4j-api\2.0.17\slf4j-api-2.0.17.jar;C:\Users\mouss\.m2\repository\org\springframework\spring-aspects\6.2.6\spring-aspects-6.2.6.jar;C:\Users\mouss\.m2\repository\org\aspectj\aspectjweaver\1.9.24\aspectjweaver-1.9.24.jar;C:\Users\mouss\.m2\repository\org\springframework\boot\spring-boot-starter-validation\3.4.5\spring-boot-starter-validation-3.4.5.jar;C:\Users\mouss\.m2\repository\org\apache\tomcat\embed\tomcat-embed-el\10.1.40\tomcat-embed-el-10.1.40.jar;C:\Users\mouss\.m2\repository\org\hibernate\validator\hibernate-validator\8.0.2.Final\hibernate-validator-8.0.2.Final.jar;C:\Users\mouss\.m2\repository\jakarta\validation\jakarta.validation-api\3.0.2\jakarta.validation-api-3.0.2.jar;C:\Users\mouss\.m2\repository\org\springframework\boot\spring-boot-starter-web\3.4.5\spring-boot-starter-web-3.4.5.jar;C:\Users\mouss\.m2\repository\org\springframework\boot\spring-boot-starter-json\3.4.5\spring-boot-starter-json-3.4.5.jar;C:\Users\mouss\.m2\repository\com\fasterxml\jackson\core\jackson-databind\2.18.3\jackson-databind-2.18.3.jar;C:\Users\mouss\.m2\repository\com\fasterxml\jackson\core\jackson-annotations\2.18.3\jackson-annotations-2.18.3.jar;C:\Users\mouss\.m2\repository\com\fasterxml\jackson\core\jackson-core\2.18.3\jackson-core-2.18.3.jar;C:\Users\mouss\.m2\repository\com\fasterxml\jackson\datatype\jackson-datatype-jdk8\2.18.3\jackson-datatype-jdk8-2.18.3.jar;C:\Users\mouss\.m2\repository\com\fasterxml\jackson\datatype\jackson-datatype-jsr310\2.18.3\jackson-datatype-jsr310-2.18.3.jar;C:\Users\mouss\.m2\repository\com\fasterxml\jackson\module\jackson-module-parameter-names\2.18.3\jackson-module-parameter-names-2.18.3.jar;C:\Users\mouss\.m2\repository\org\springframework\boot\spring-boot-starter-tomcat\3.4.5\spring-boot-starter-tomcat-3.4.5.jar;C:\Users\mouss\.m2\repository\org\apache\tomcat\embed\tomcat-embed-core\10.1.40\tomcat-embed-core-10.1.40.jar;C:\Users\mouss\.m2\repository\org\apache\tomcat\embed\tomcat-embed-websocket\10.1.40\tomcat-embed-websocket-10.1.40.jar;C:\Users\mouss\.m2\repository\org\springframework\spring-web\6.2.6\spring-web-6.2.6.jar;C:\Users\mouss\.m2\repository\io\micrometer\micrometer-observation\1.14.6\micrometer-observation-1.14.6.jar;C:\Users\mouss\.m2\repository\io\micrometer\micrometer-commons\1.14.6\micrometer-commons-1.14.6.jar;C:\Users\mouss\.m2\repository\org\springframework\spring-webmvc\6.2.6\spring-webmvc-6.2.6.jar;C:\Users\mouss\.m2\repository\org\springframework\spring-expression\6.2.6\spring-expression-6.2.6.jar;C:\Users\mouss\.m2\repository\com\h2database\h2\2.3.232\h2-2.3.232.jar;C:\Users\mouss\.m2\repository\org\postgresql\postgresql\42.7.5\postgresql-42.7.5.jar;C:\Users\mouss\.m2\repository\org\checkerframework\checker-qual\3.48.3\checker-qual-3.48.3.jar;C:\Users\mouss\.m2\repository\org\projectlombok\lombok\1.18.38\lombok-1.18.38.jar;C:\Users\mouss\.m2\repository\jakarta\xml\bind\jakarta.xml.bind-api\4.0.2\jakarta.xml.bind-api-4.0.2.jar;C:\Users\mouss\.m2\repository\jakarta\activation\jakarta.activation-api\2.1.3\jakarta.activation-api-2.1.3.jar;C:\Users\mouss\.m2\repository\org\springframework\spring-core\6.2.6\spring-core-6.2.6.jar;C:\Users\mouss\.m2\repository\org\springframework\spring-jcl\6.2.6\spring-jcl-6.2.6.jar
Launcher Type: SUN_STANDARD

[Global flags]
     intx CICompilerCount                          = 4                                         {product} {ergonomic}
     uint ConcGCThreads                            = 3                                         {product} {ergonomic}
     bool FlightRecorder                           = true                                      {product} {management}
     uint G1ConcRefinementThreads                  = 10                                        {product} {ergonomic}
   size_t G1HeapRegionSize                         = 4194304                                   {product} {ergonomic}
   size_t InitialHeapSize                          = 398458880                                 {product} {ergonomic}
     bool ManagementServer                         = true                                      {product} {command line}
   size_t MarkStackSize                            = 4194304                                   {product} {ergonomic}
   size_t MarkStackSizeMax                         = 536870912                                 {product} {ergonomic}
   size_t MaxHeapSize                              = 6366953472                                {product} {ergonomic}
   size_t MaxNewSize                               = 3816816640                                {product} {ergonomic}
   size_t MinHeapDeltaBytes                        = 4194304                                   {product} {ergonomic}
   size_t MinHeapSize                              = 8388608                                   {product} {ergonomic}
    uintx NonNMethodCodeHeapSize                   = 4096                                   {pd product} {ergonomic}
    uintx NonProfiledCodeHeapSize                  = 0                                      {pd product} {ergonomic}
     bool ProfileInterpreter                       = false                                  {pd product} {command line}
    uintx ProfiledCodeHeapSize                     = 0                                      {pd product} {ergonomic}
   size_t SoftMaxHeapSize                          = 6366953472                             {manageable} {ergonomic}
     intx TieredStopAtLevel                        = 1                                         {product} {command line}
     bool UseCompressedOops                        = true                           {product lp64_product} {ergonomic}
     bool UseG1GC                                  = true                                      {product} {ergonomic}
     bool UseLargePagesIndividualAllocation        = false                                  {pd product} {ergonomic}

Logging:
Log output configuration:
 #0: stdout all=warning uptime,level,tags foldmultilines=false
 #1: stderr all=off uptime,level,tags foldmultilines=false

Environment Variables:
JAVA_HOME=C:\Users\mouss\repository-java\java\jdk-24.0.1
PATH=C:\Program Files\Eclipse Adoptium\jdk-21.0.7.6-hotspot\bin;C:\WINDOWS\system32;C:\WINDOWS;C:\WINDOWS\System32\Wbem;C:\WINDOWS\System32\WindowsPowerShell\v1.0\;C:\WINDOWS\System32\OpenSSH\;C:\Program Files\NVIDIA Corporation\NVIDIA App\NvDLISR;C:\Program Files (x86)\NVIDIA Corporation\PhysX\Common;C:\Program Files\dotnet\;C:\Program Files\nodejs\;C:\Program Files\Git\cmd;C:\xampp\php;C:\ProgramData\ComposerSetup\bin;C:\Users\mouss\AppData\Local\Programs\Python\Python312\Scripts\;C:\Users\mouss\AppData\Local\Programs\Python\Python312\;C:\Users\mouss\AppData\Local\Programs\Python\Launcher\;C:\Users\mouss\AppData\Local\Microsoft\WindowsApps;C:\Users\mouss\AppData\Local\Programs\Microsoft VS Code\bin;C:\Users\mouss\AppData\Roaming\npm;C:\Users\mouss\repository-java\maven\apache-maven-3.9.9\bin;C:\Program Files\Eclipse Adoptium\jdk-21.0.7.6-hotspot\bin;C:\Program Files\PostgreSQL\17\bin;C:\Users\mouss\AppData\Roaming\Composer\vendor\bin
USERNAME=mouss
OS=Windows_NT
PROCESSOR_IDENTIFIER=Intel64 Family 6 Model 151 Stepping 2, GenuineIntel
TMP=C:\Users\mouss\AppData\Local\Temp
TEMP=C:\Users\mouss\AppData\Local\Temp




Periodic native trim disabled

---------------  S Y S T E M  ---------------

OS:
 Windows 11 , 64 bit Build 26100 (10.0.26100.3775)
OS uptime: 2 days 6:41 hours
Hyper-V role detected

CPU: total 12 (initial active 12) (6 cores per cpu, 2 threads per core) family 6 model 151 stepping 2 microcode 0x37, cx8, cmov, fxsr, ht, mmx, 3dnowpref, sse, sse2, sse3, ssse3, sse4.1, sse4.2, popcnt, lzcnt, tsc, tscinvbit, avx, avx2, aes, erms, clmul, bmi1, bmi2, adx, sha, fma, vzeroupper, clflush, clflushopt, clwb, hv, serialize, rdtscp, rdpid, fsrm, gfni, f16c, cet_ibt, cet_ss
Processor Information for the first 12 processors :
  Max Mhz: 2400, Current Mhz: 2400, Mhz Limit: 2400

Memory: 4k page, system-wide physical 24283M (4090M free)
TotalPageFile size 59099M (AvailPageFile size 21848M)
current process WorkingSet (physical memory assigned to process): 237M, peak: 237M
current process commit charge ("private bytes"): 300M, peak: 514M

vm_info: OpenJDK 64-Bit Server VM (24+36-3646) for windows-amd64 JRE (24+36-3646), built on 2025-02-06T00:20:43Z with MS VC++ 17.6 (VS2022)

END.
